Determining if the pthread_create exist failed with the following output:
Change Dir: /home/ubuntu/offb_ws/build/catkin_tools_prebuild/CMakeFiles/CMakeTmp

Run Build Command:"/usr/bin/make" "cmTC_21ab7/fast"
/usr/bin/make -f CMakeFiles/cmTC_21ab7.dir/build.make CMakeFiles/cmTC_21ab7.dir/build
make[1]: Entering directory '/home/ubuntu/offb_ws/build/catkin_tools_prebuild/CMakeFiles/CMakeTmp'
Building C object CMakeFiles/cmTC_21ab7.dir/CheckSymbolExists.c.o
/usr/bin/cc    -o CMakeFiles/cmTC_21ab7.dir/CheckSymbolExists.c.o   -c /home/ubuntu/offb_ws/build/catkin_tools_prebuild/CMakeFiles/CMakeTmp/CheckSymbolExists.c
Linking C executable cmTC_21ab7
/usr/bin/cmake -E cmake_link_script CMakeFiles/cmTC_21ab7.dir/link.txt --verbose=1
/usr/bin/cc      -rdynamic CMakeFiles/cmTC_21ab7.dir/CheckSymbolExists.c.o  -o cmTC_21ab7 
CMakeFiles/cmTC_21ab7.dir/CheckSymbolExists.c.o: In function `main':
CheckSymbolExists.c:(.text+0x14): undefined reference to `pthread_create'
CheckSymbolExists.c:(.text+0x18): undefined reference to `pthread_create'
collect2: error: ld returned 1 exit status
CMakeFiles/cmTC_21ab7.dir/build.make:97: recipe for target 'cmTC_21ab7' failed
make[1]: *** [cmTC_21ab7] Error 1
make[1]: Leaving directory '/home/ubuntu/offb_ws/build/catkin_tools_prebuild/CMakeFiles/CMakeTmp'
Makefile:126: recipe for target 'cmTC_21ab7/fast' failed
make: *** [cmTC_21ab7/fast] Error 2

File /home/ubuntu/offb_ws/build/catkin_tools_prebuild/CMakeFiles/CMakeTmp/CheckSymbolExists.c:
/* */
#include <pthread.h>

int main(int argc, char** argv)
{
  (void)argv;
#ifndef pthread_create
  return ((int*)(&pthread_create))[argc];
#else
  (void)argc;
  return 0;
#endif
}

Determining if the function pthread_create exists in the pthreads failed with the following output:
Change Dir: /home/ubuntu/offb_ws/build/catkin_tools_prebuild/CMakeFiles/CMakeTmp

Run Build Command:"/usr/bin/make" "cmTC_5a3e2/fast"
/usr/bin/make -f CMakeFiles/cmTC_5a3e2.dir/build.make CMakeFiles/cmTC_5a3e2.dir/build
make[1]: Entering directory '/home/ubuntu/offb_ws/build/catkin_tools_prebuild/CMakeFiles/CMakeTmp'
Building C object CMakeFiles/cmTC_5a3e2.dir/CheckFunctionExists.c.o
/usr/bin/cc   -DCHECK_FUNCTION_EXISTS=pthread_create   -o CMakeFiles/cmTC_5a3e2.dir/CheckFunctionExists.c.o   -c /usr/share/cmake-3.10/Modules/CheckFunctionExists.c
Linking C executable cmTC_5a3e2
/usr/bin/cmake -E cmake_link_script CMakeFiles/cmTC_5a3e2.dir/link.txt --verbose=1
/usr/bin/cc  -DCHECK_FUNCTION_EXISTS=pthread_create    -rdynamic CMakeFiles/cmTC_5a3e2.dir/CheckFunctionExists.c.o  -o cmTC_5a3e2 -lpthreads 
/usr/bin/ld: cannot find -lpthreads
collect2: error: ld returned 1 exit status
CMakeFiles/cmTC_5a3e2.dir/build.make:97: recipe for target 'cmTC_5a3e2' failed
make[1]: *** [cmTC_5a3e2] Error 1
make[1]: Leaving directory '/home/ubuntu/offb_ws/build/catkin_tools_prebuild/CMakeFiles/CMakeTmp'
Makefile:126: recipe for target 'cmTC_5a3e2/fast' failed
make: *** [cmTC_5a3e2/fast] Error 2


